[Wed Mar 04 02:05:48 MST 2020] - INFO passoff.ServerTest: 	Setting up Register Valid New User Test...
[Wed Mar 04 02:05:48 MST 2020] - INFO client.Proxy: 	Clear called
[Wed Mar 04 02:05:48 MST 2020] - INFO client.Client: 	Post without Request Body called
[Wed Mar 04 02:05:48 MST 2020] - INFO client.Client: 	Attempting to open connection to server
[Wed Mar 04 02:05:48 MST 2020] - INFO client.Client: 	Connection opened to server
[Wed Mar 04 02:05:48 MST 2020] - INFO client.Client: 	Setting request method to POST
[Wed Mar 04 02:05:48 MST 2020] - INFO client.Client: 	Request method set to POST
[Wed Mar 04 02:05:48 MST 2020] - INFO client.Client: 	Setting Do Output to true
[Wed Mar 04 02:05:48 MST 2020] - INFO client.Client: 	Do Output set to true
[Wed Mar 04 02:05:48 MST 2020] - INFO client.Client: 	Connecting to server
[Wed Mar 04 02:05:48 MST 2020] - INFO client.Client: 	Connected to server
[Wed Mar 04 02:05:48 MST 2020] - INFO client.Client: 	Getting response code from server
[Wed Mar 04 02:05:48 MST 2020] - INFO client.Client: 	Response code 200 returned
[Wed Mar 04 02:05:48 MST 2020] - INFO client.Client: 	Getting input stream from server
[Wed Mar 04 02:05:48 MST 2020] - INFO client.Client: 	Reading input stream into a string
[Wed Mar 04 02:05:49 MST 2020] - INFO passoff.ServerTest: 	Running Register Valid New User Test...
[Wed Mar 04 02:05:49 MST 2020] - INFO client.Proxy: 	Register called
[Wed Mar 04 02:05:49 MST 2020] - INFO client.Client: 	Post with Request Body called
[Wed Mar 04 02:05:49 MST 2020] - INFO client.Client: 	Attempting to open connection to server
[Wed Mar 04 02:05:49 MST 2020] - INFO client.Client: 	Connection opened to server
[Wed Mar 04 02:05:49 MST 2020] - INFO client.Client: 	Setting request method to POST
[Wed Mar 04 02:05:49 MST 2020] - INFO client.Client: 	Request method set to POST
[Wed Mar 04 02:05:49 MST 2020] - INFO client.Client: 	Setting Do Output to true
[Wed Mar 04 02:05:49 MST 2020] - INFO client.Client: 	Do Output set to true
[Wed Mar 04 02:05:49 MST 2020] - INFO client.Client: 	Connecting to server
[Wed Mar 04 02:05:49 MST 2020] - INFO client.Client: 	Connected to server
[Wed Mar 04 02:05:49 MST 2020] - INFO client.Client: 	Opening output stream to server
[Wed Mar 04 02:05:49 MST 2020] - INFO client.Client: 	Writing request to server output stream
[Wed Mar 04 02:05:49 MST 2020] - INFO client.Client: 	Request written to server output stream
[Wed Mar 04 02:05:49 MST 2020] - INFO client.Client: 	Closing output stream to server
[Wed Mar 04 02:05:49 MST 2020] - INFO client.Client: 	Output stream to server closed
[Wed Mar 04 02:05:49 MST 2020] - INFO client.Client: 	Getting response code from server
[Wed Mar 04 02:05:49 MST 2020] - INFO client.Client: 	Response code 200 returned
[Wed Mar 04 02:05:49 MST 2020] - INFO client.Client: 	Getting input stream from server
[Wed Mar 04 02:05:49 MST 2020] - INFO client.Client: 	Reading input stream into a string
